Exporter version: 3.3.2, Blender version: 3.6.1
========= Conversion from Blender to Babylon.js =========
	Scene settings used :
		Inline textures     :  false
		Material Type       :  PBR
		Positions Precision :  4
		Normals Precision   :  3
		UVs Precision       :  3
		Vert Color Precision:  3
		Mat Weight Precision:  2
		Keep Z-up r-handed  :  no
		Texture directory   :  C:\Users\jorge\OneDrive\Documentos\Babylon.js\slippery-surprise\assets\maps\level-1\
	Python World class constructor completed
	WARNING: No active camera has been assigned, or is not in a currently enabled collection
	processing begun of mesh:  collider_sofas
		processing begun of material:  Colliders
		num positions      :  29
		num normals        :  29
		num tangents       :  0
		num uvs            :  58
		num uvs2           :  0
		num colors         :  0
		num triangles      :  12
	processing begun of mesh:  collider_woven-desk
		processing begun of material:  Colliders
		registered as also a user of material:  Colliders
		num positions      :  29
		num normals        :  29
		num tangents       :  0
		num uvs            :  58
		num uvs2           :  0
		num colors         :  0
		num triangles      :  12
	processing begun of mesh:  collider_fridge-desk
		processing begun of material:  Colliders
		registered as also a user of material:  Colliders
		num positions      :  29
		num normals        :  29
		num tangents       :  0
		num uvs            :  58
		num uvs2           :  0
		num colors         :  0
		num triangles      :  12
	processing begun of mesh:  collider_fridge
		processing begun of material:  Colliders
		registered as also a user of material:  Colliders
		num positions      :  29
		num normals        :  29
		num tangents       :  0
		num uvs            :  58
		num uvs2           :  0
		num colors         :  0
		num triangles      :  12
	processing begun of mesh:  collider_vase
		processing begun of material:  Colliders
		registered as also a user of material:  Colliders
		num positions      :  29
		num normals        :  29
		num tangents       :  0
		num uvs            :  58
		num uvs2           :  0
		num colors         :  0
		num triangles      :  12
	processing begun of mesh:  collider_table-and-chair
		processing begun of material:  Colliders
		registered as also a user of material:  Colliders
		num positions      :  29
		num normals        :  29
		num tangents       :  0
		num uvs            :  58
		num uvs2           :  0
		num colors         :  0
		num triangles      :  12
	processing begun of mesh:  collider_sofa-tv
		processing begun of material:  Colliders
		registered as also a user of material:  Colliders
		num positions      :  29
		num normals        :  29
		num tangents       :  0
		num uvs            :  58
		num uvs2           :  0
		num colors         :  0
		num triangles      :  12
	processing begun of mesh:  collider_tv-desk
		processing begun of material:  Colliders
		registered as also a user of material:  Colliders
		num positions      :  29
		num normals        :  29
		num tangents       :  0
		num uvs            :  58
		num uvs2           :  0
		num colors         :  0
		num triangles      :  12
	processing begun of mesh:  collider_wall-sw
		processing begun of material:  Colliders
		registered as also a user of material:  Colliders
		num positions      :  29
		num normals        :  29
		num tangents       :  0
		num uvs            :  58
		num uvs2           :  0
		num colors         :  0
		num triangles      :  12
	processing begun of mesh:  collider_wall-ne
		processing begun of material:  Colliders
		registered as also a user of material:  Colliders
		num positions      :  29
		num normals        :  29
		num tangents       :  0
		num uvs            :  58
		num uvs2           :  0
		num colors         :  0
		num triangles      :  12
	processing begun of mesh:  collider_wall-se
		processing begun of material:  Colliders
		registered as also a user of material:  Colliders
		num positions      :  29
		num normals        :  29
		num tangents       :  0
		num uvs            :  58
		num uvs2           :  0
		num colors         :  0
		num triangles      :  12
	processing begun of mesh:  collider_wall-nw
		processing begun of material:  Colliders
		registered as also a user of material:  Colliders
		num positions      :  29
		num normals        :  29
		num tangents       :  0
		num uvs            :  58
		num uvs2           :  0
		num colors         :  0
		num triangles      :  12
========= Writing of JSON file started =========
	writing mesh:  collider_sofas
	writing mesh:  collider_woven-desk
	writing mesh:  collider_fridge-desk
	writing mesh:  collider_fridge
	writing mesh:  collider_vase
	writing mesh:  collider_table-and-chair
	writing mesh:  collider_sofa-tv
	writing mesh:  collider_tv-desk
	writing mesh:  collider_wall-sw
	writing mesh:  collider_wall-ne
	writing mesh:  collider_wall-se
	writing mesh:  collider_wall-nw
========= Writing of JSON file completed =========
========= end of processing =========
elapsed time:  0 min, 0.045 secs
