Exporter version: 3.3.2, Blender version: 3.6.1
========= Conversion from Blender to Babylon.js =========
	Scene settings used :
		Inline textures     :  false
		Material Type       :  PBR
		Positions Precision :  4
		Normals Precision   :  3
		UVs Precision       :  3
		Vert Color Precision:  3
		Mat Weight Precision:  2
		Keep Z-up r-handed  :  no
		Texture directory   :  C:\Users\jorge\OneDrive\Documentos\Babylon.js\slippery-surprise\assets\maps\level-1\
	Python World class constructor completed
	WARNING: No active camera has been assigned, or is not in a currently enabled collection
	processing begun of mesh:  TRONCO
		processing begun of material:  MADEIRA.001
		num positions      :  309
		num normals        :  309
		num tangents       :  0
		num uvs            :  618
		num uvs2           :  0
		num colors         :  0
		num triangles      :  124
	processing begun of mesh:  PEDRA
		processing begun of material:  rocha
		num positions      :  334
		num normals        :  334
		num tangents       :  0
		num uvs            :  668
		num uvs2           :  0
		num colors         :  0
		num triangles      :  114
		WARNING: # of 0 area faces found:  8
	processing begun of mesh:  ARVORE-02-TRONCO
		processing begun of material:  MADEIRA.001
		processing begun of material:  arvore copa
		registered as also a user of material:  MADEIRA.001
		processing begun of multimaterial:  objetos.Multimaterial#0
		num positions      :  489
		num normals        :  489
		num tangents       :  0
		num uvs            :  978
		num uvs2           :  0
		num colors         :  0
		num triangles      :  186
	processing begun of mesh:  MOITA
		processing begun of material:  moita
		num positions      :  1567
		num normals        :  1567
		num tangents       :  0
		num uvs            :  3134
		num uvs2           :  0
		num colors         :  0
		num triangles      :  582
	processing begun of mesh:  MESA 1
		processing begun of material:  PLASTICO MESA
		num positions      :  197
		num normals        :  197
		num tangents       :  0
		num uvs            :  394
		num uvs2           :  0
		num colors         :  0
		num triangles      :  92
	processing begun of mesh:  CHAO
		processing begun of material:  chao
			processing texture patterned_brick_floor_rough_4k
				WARNING: Exception during copy:
					[Errno 2] No such file or directory: 'C:\\Users\\jorge\\OneDrive\\Documentos\\Babylon.js\\slippery-surprise\\assets\\maps\\level-1\\Textures\\patterned_brick_floor_4k.blend\\textures\\patterned_brick_floor_rough_4k.exr'
			processing texture patterned_brick_floor_diff_4k
				WARNING: Exception during copy:
					[Errno 2] No such file or directory: 'C:\\Users\\jorge\\OneDrive\\Documentos\\Babylon.js\\slippery-surprise\\assets\\maps\\level-1\\Textures\\patterned_brick_floor_4k.blend\\textures\\patterned_brick_floor_diff_4k.jpg'
			processing texture patterned_brick_floor_rough_4k
				WARNING: Exception during copy:
					[Errno 2] No such file or directory: 'C:\\Users\\jorge\\OneDrive\\Documentos\\Babylon.js\\slippery-surprise\\assets\\maps\\level-1\\Textures\\patterned_brick_floor_4k.blend\\textures\\patterned_brick_floor_rough_4k.exr'
		num positions      :  4
		num normals        :  4
		num tangents       :  0
		num uvs            :  8
		num uvs2           :  0
		num colors         :  0
		num triangles      :  2
	processing begun of mesh:  MESA 2
		processing begun of material:  PLASTICO MESA
		registered as also a user of material:  PLASTICO MESA
		num positions      :  388
		num normals        :  388
		num tangents       :  0
		num uvs            :  776
		num uvs2           :  0
		num colors         :  0
		num triangles      :  184
	processing begun of mesh:  PAREDE FRONTAL
		processing begun of material:  parede
			WARNING: unsupported node type(ShaderNodeRGBToBW) will trigger baking
			WARNING: Roughness channel baking required, but not possible, ignored
			processing texture weathered_brown_planks_nor_gl_4k
				WARNING: Exception during copy:
					[Errno 2] No such file or directory: 'C:\\Users\\jorge\\OneDrive\\Documentos\\Babylon.js\\slippery-surprise\\assets\\maps\\level-1\\Textures\\weathered_brown_planks_4k.blend\\textures\\weathered_brown_planks_nor_gl_4k.exr'
			processing texture weathered_brown_planks_diff_4k
				WARNING: Exception during copy:
					[Errno 2] No such file or directory: 'C:\\Users\\jorge\\OneDrive\\Documentos\\Babylon.js\\slippery-surprise\\assets\\maps\\level-1\\Textures\\weathered_brown_planks_4k.blend\\textures\\weathered_brown_planks_diff_4k.jpg'
			processing texture weathered_brown_planks_rough_4k
				WARNING: Exception during copy:
					[Errno 2] No such file or directory: 'C:\\Users\\jorge\\OneDrive\\Documentos\\Babylon.js\\slippery-surprise\\assets\\maps\\level-1\\Textures\\weathered_brown_planks_4k.blend\\textures\\weathered_brown_planks_rough_4k.jpg'
			bake time:  0 min, 0.0044 secs
		num positions      :  31
		num normals        :  31
		num tangents       :  0
		num uvs            :  62
		num uvs2           :  0
		num colors         :  0
		num triangles      :  12
	processing begun of mesh:  BALCAO
		processing begun of material:  MADEIRA
		num positions      :  97
		num normals        :  97
		num tangents       :  0
		num uvs            :  194
		num uvs2           :  0
		num colors         :  0
		num triangles      :  44
	processing begun of mesh:  PRATELEIRA
		processing begun of material:  MADEIRA
		registered as also a user of material:  MADEIRA
		num positions      :  370
		num normals        :  370
		num tangents       :  0
		num uvs            :  740
		num uvs2           :  0
		num colors         :  0
		num triangles      :  202
	processing begun of mesh:  GELADEIRA
		processing begun of material:  METAL GELADEIRA
		processing begun of material:  BORRACHA PEGADOR
		processing begun of multimaterial:  objetos.Multimaterial#1
		num positions      :  196
		num normals        :  196
		num tangents       :  0
		num uvs            :  392
		num uvs2           :  0
		num colors         :  0
		num triangles      :  104
	processing begun of mesh:  CADEIRA 1
		processing begun of material:  PLASTICO MESA
		registered as also a user of material:  PLASTICO MESA
		num positions      :  1431
		num normals        :  1431
		num tangents       :  0
		num uvs            :  2862
		num uvs2           :  0
		num colors         :  0
		num triangles      :  536
		WARNING: # of 0 area faces found:  24
	processing begun of mesh:  CADEIRA 2
		processing begun of material:  PLASTICO MESA
		registered as also a user of material:  PLASTICO MESA
		num positions      :  672
		num normals        :  672
		num tangents       :  0
		num uvs            :  1344
		num uvs2           :  0
		num colors         :  0
		num triangles      :  294
	processing begun of mesh:  BARRIL
		processing begun of material:  MADEIRA.001
		registered as also a user of material:  MADEIRA.001
		num positions      :  807
		num normals        :  807
		num tangents       :  0
		num uvs            :  1614
		num uvs2           :  0
		num colors         :  0
		num triangles      :  316
	processing begun of mesh:  CERCA
		processing begun of material:  METAL CERCA
		num positions      :  184
		num normals        :  184
		num tangents       :  0
		num uvs            :  368
		num uvs2           :  0
		num colors         :  0
		num triangles      :  80
	processing begun of mesh:  PAREDE.LATERAL
		processing begun of material:  parede
			WARNING: unsupported node type(ShaderNodeRGBToBW) will trigger baking
			WARNING: Roughness channel baking required, but not possible, ignored
			processing texture weathered_brown_planks_nor_gl_4k
				WARNING: Exception during copy:
					[Errno 2] No such file or directory: 'C:\\Users\\jorge\\OneDrive\\Documentos\\Babylon.js\\slippery-surprise\\assets\\maps\\level-1\\Textures\\weathered_brown_planks_4k.blend\\textures\\weathered_brown_planks_nor_gl_4k.exr'
			processing texture weathered_brown_planks_diff_4k
				WARNING: Exception during copy:
					[Errno 2] No such file or directory: 'C:\\Users\\jorge\\OneDrive\\Documentos\\Babylon.js\\slippery-surprise\\assets\\maps\\level-1\\Textures\\weathered_brown_planks_4k.blend\\textures\\weathered_brown_planks_diff_4k.jpg'
			processing texture weathered_brown_planks_rough_4k
				WARNING: Exception during copy:
					[Errno 2] No such file or directory: 'C:\\Users\\jorge\\OneDrive\\Documentos\\Babylon.js\\slippery-surprise\\assets\\maps\\level-1\\Textures\\weathered_brown_planks_4k.blend\\textures\\weathered_brown_planks_rough_4k.jpg'
			bake time:  0 min, 0.0043 secs
		num positions      :  31
		num normals        :  31
		num tangents       :  0
		num uvs            :  62
		num uvs2           :  0
		num colors         :  0
		num triangles      :  12
	processing begun of mesh:  CHAO.001
		processing begun of material:  grama
		num positions      :  4
		num normals        :  4
		num tangents       :  0
		num uvs            :  8
		num uvs2           :  0
		num colors         :  0
		num triangles      :  2
	processing begun of mesh:  CHAO.002
		processing begun of material:  grama cemiterio
		num positions      :  4
		num normals        :  4
		num tangents       :  0
		num uvs            :  8
		num uvs2           :  0
		num colors         :  0
		num triangles      :  2
	processing begun of mesh:  LAPIDE G
		processing begun of material:  lapide 01
		num positions      :  69
		num normals        :  69
		num tangents       :  0
		num uvs            :  138
		num uvs2           :  0
		num colors         :  0
		num triangles      :  28
	processing begun of mesh:  LAPIDE P
		processing begun of material:  lapide 01
		registered as also a user of material:  lapide 01
		num positions      :  103
		num normals        :  103
		num tangents       :  0
		num uvs            :  206
		num uvs2           :  0
		num colors         :  0
		num triangles      :  42
	processing begun of mesh:  MONTE 01
		processing begun of material:  terra
		num positions      :  602
		num normals        :  602
		num tangents       :  0
		num uvs            :  1204
		num uvs2           :  0
		num colors         :  0
		num triangles      :  206
	processing begun of mesh:  MONTE 02
		processing begun of material:  terra
		registered as also a user of material:  terra
		num positions      :  602
		num normals        :  602
		num tangents       :  0
		num uvs            :  1204
		num uvs2           :  0
		num colors         :  0
		num triangles      :  206
	processing begun of mesh:  MAUSOLEU
		processing begun of material:  rocha
		processing begun of material:  tampa mausoleu
		registered as also a user of material:  rocha
		processing begun of multimaterial:  objetos.Multimaterial#2
		num positions      :  155
		num normals        :  155
		num tangents       :  0
		num uvs            :  310
		num uvs2           :  0
		num colors         :  0
		num triangles      :  60
	processing begun of mesh:  CHALE
		processing begun of material:  chale
		processing begun of material:  telhado
		processing begun of multimaterial:  objetos.Multimaterial#3
		num positions      :  259
		num normals        :  259
		num tangents       :  0
		num uvs            :  518
		num uvs2           :  0
		num colors         :  0
		num triangles      :  106
========= Writing of JSON file started =========
	writing mesh:  TRONCO
	writing mesh:  PEDRA
	writing mesh:  ARVORE-02-TRONCO
	writing mesh:  MOITA
	writing mesh:  MESA 1
	writing mesh:  CHAO
	writing mesh:  MESA 2
	writing mesh:  PAREDE FRONTAL
	writing mesh:  BALCAO
	writing mesh:  PRATELEIRA
	writing mesh:  GELADEIRA
	writing mesh:  CADEIRA 1
	writing mesh:  CADEIRA 2
	writing mesh:  BARRIL
	writing mesh:  CERCA
	writing mesh:  PAREDE.LATERAL
	writing mesh:  CHAO.001
	writing mesh:  CHAO.002
	writing mesh:  LAPIDE G
	writing mesh:  LAPIDE P
	writing mesh:  MONTE 01
	writing mesh:  MONTE 02
	writing mesh:  MAUSOLEU
	writing mesh:  CHALE
========= Writing of JSON file completed =========
========= end of processing =========
elapsed time:  0 min, 0.3131 secs
